<?xml version="1.0" encoding="UTF-8"?>
<beans xmlns="http://www.springframework.org/schema/beans"
       xmlns:xsi="http://www.w3.org/2001/XMLSchema-instance"
       xmlns:context="http://www.springframework.org/schema/context"
       xmlns:aop="http://www.springframework.org/schema/aop"
       xsi:schemaLocation="http://www.springframework.org/schema/beans
       http://www.springframework.org/schema/beans/spring-beans.xsd
       http://www.springframework.org/schema/context
       http://www.springframework.org/schema/context/spring-context.xsd
       http://www.springframework.org/schema/aop
       http://www.springframework.org/schema/aop/spring-aop-3.2.xsd">
       
	<bean id="methodLimitSolve" class="oso.com.LimitQuery.limit.MethodLimitSolve"></bean> 
	 
	 <aop:config>
	 
 	 	<aop:aspect ref="methodLimitSolve">
	 	 	<aop:pointcut expression="execution(* oso.com.LimitQuery.*.*(..))" id="methodLimitPointcut"/>
	 		<aop:before method="before"  pointcut-ref="methodLimitPointcut" />
	 		<aop:after method="after" pointcut-ref="methodLimitPointcut"	/>
	 		<aop:after-returning method="afterReturning" pointcut-ref="methodLimitPointcut"/>
	 		<aop:after-throwing method="handException" pointcut-ref="methodLimitPointcut" throwing="e"/>
 	 	</aop:aspect>
	 </aop:config>
</beans>
